<?xml version="1.0" encoding="UTF-8"?>
<!-- Generated by org.testng.reporters.JUnitXMLReporter -->
<testsuite ignored="5" hostname="Anshuls-MacBook-M3.local" failures="0" tests="2" name="Smoke Tests" time="1.909" errors="0" timestamp="2025-12-27T13:15:18 IST">
  <testcase classname="tests.PostFlowTest" name="createPost" time="1.367"/>
  <testcase classname="tests.PostFlowTest" name="updatePost" time="0.522"/>
  <testcase classname="tests.UpdateDeletePostsTest" name="shouldDeletePost" time="0.0">
    <ignored/>
  </testcase> <!-- shouldDeletePost -->
  <testcase classname="tests.UpdateDeletePostsTest" name="shouldUpdatePost" time="0.0">
    <ignored/>
  </testcase> <!-- shouldUpdatePost -->
  <testcase classname="tests.CreatePostTest" name="shouldCreatePost" time="0.0">
    <ignored/>
  </testcase> <!-- shouldCreatePost -->
  <testcase classname="tests.GetPostsTest" name="shouldFetchPostsByUserId" time="0.0">
    <ignored/>
  </testcase> <!-- shouldFetchPostsByUserId -->
  <testcase classname="tests.GetPostsTest" name="shouldReturnEmptyForInvalidUser" time="0.0">
    <ignored/>
  </testcase> <!-- shouldReturnEmptyForInvalidUser -->
</testsuite> <!-- Smoke Tests -->
