<?xml version="1.0" encoding="UTF-8"?>
<testng-results skipped="0" failed="0" ignored="0" total="1" passed="1">
  <reporter-output>
  </reporter-output>
  <suite name="Default suite" duration-ms="748" started-at="2021-05-08T16:37:18 IST" finished-at="2021-05-08T16:37:18 IST">
    <groups>
    </groups>
    <test name="Default test" duration-ms="748" started-at="2021-05-08T16:37:18 IST" finished-at="2021-05-08T16:37:18 IST">
      <class name="POJO.CreateNestedJSONFromPOJO">
        <test-method status="PASS" signature="generatePOJOData()[pri:0, instance:POJO.CreateNestedJSONFromPOJO@86be70a]" name="generatePOJOData" duration-ms="683" started-at="2021-05-08T16:37:18 IST" finished-at="2021-05-08T16:37:18 IST">
          <reporter-output>
          </reporter-output>
        </test-method> <!-- generatePOJOData -->
      </class> <!-- POJO.CreateNestedJSONFromPOJO -->
    </test> <!-- Default test -->
  </suite> <!-- Default suite -->
</testng-results>
