<?xml version="1.0" encoding="UTF-8"?>
<!-- Generated by org.testng.reporters.JUnitXMLReporter -->
<testsuite ignored="0" hostname="Anshuls-MacBook-M3.local" failures="0" tests="15" name="JSONPlaceholder API Tests" time="8.643" errors="0" timestamp="2025-12-28T13:21:14 IST">
  <testcase classname="tests.GetPostsDataProviderTest" name="shouldFetchPostsForMultipleUsers" time="1.382"/>
  <testcase classname="tests.GetPostsDataProviderTest" name="shouldFetchPostsForMultipleUsers" time="0.475"/>
  <testcase classname="tests.GetPostsDataProviderTest" name="shouldFetchPostsForMultipleUsers" time="0.424"/>
  <testcase classname="tests.CreatePostTest" name="shouldCreatePost" time="0.626"/>
  <testcase classname="tests.ResponseValidatorTest" name="validateGetPostById" time="0.642"/>
  <testcase classname="tests.UpdateDeletePostsTest" name="shouldDeletePost" time="0.624"/>
  <testcase classname="tests.UpdateDeletePostsTest" name="shouldUpdatePost" time="0.539"/>
  <testcase classname="tests.ApiClientTest" name="testDeletePost" time="0.518"/>
  <testcase classname="tests.RequestBuilderTest" name="testGetWithQueryParams" time="0.516"/>
  <testcase classname="tests.RequestBuilderTest" name="testPostWithDynamicPayload" time="0.608"/>
  <testcase classname="tests.ConfigTest" name="verifyConfigurationLoaded" time="0.002"/>
  <testcase classname="tests.GetPostsTest" name="shouldFetchPostsByUserId" time="0.468"/>
  <testcase classname="tests.GetPostsTest" name="shouldReturnEmptyForInvalidUser" time="0.495"/>
  <testcase classname="tests.PostFlowTest" name="createPost" time="0.601"/>
  <testcase classname="tests.PostFlowTest" name="updatePost" time="0.516"/>
</testsuite> <!-- JSONPlaceholder API Tests -->
