<?xml version="1.0" encoding="UTF-8"?>
<!-- Generated by org.testng.reporters.JUnitReportReporter -->
<testsuite hostname="Anshuls-MacBook-M3.local" failures="0" tests="2" name="tests.UpdateDeletePostsTest" time="1.167" errors="0" timestamp="2025-12-28T13:21:14 IST" skipped="0">
  <testcase classname="tests.UpdateDeletePostsTest" name="shouldDeletePost" time="0.627"/>
  <testcase classname="tests.UpdateDeletePostsTest" name="shouldUpdatePost" time="0.540"/>
</testsuite> <!-- tests.UpdateDeletePostsTest -->
