<?xml version="1.0" encoding="UTF-8"?>
<!-- Generated by org.testng.reporters.JUnitReportReporter -->
<testsuite hostname="Anshuls-MacBook-M3.local" failures="0" tests="2" name="tests.RequestBuilderTest" time="1.125" errors="0" timestamp="2025-12-28T13:21:14 IST" skipped="0">
  <testcase classname="tests.RequestBuilderTest" name="testGetWithQueryParams" time="0.517"/>
  <testcase classname="tests.RequestBuilderTest" name="testPostWithDynamicPayload" time="0.608"/>
</testsuite> <!-- tests.RequestBuilderTest -->
