<?xml version="1.0" encoding="UTF-8"?>
<!-- Generated by org.testng.reporters.JUnitReportReporter -->
<testsuite hostname="Anshuls-MacBook-M3.local" failures="0" tests="3" name="tests.GetPostsDataProviderTest" time="2.313" errors="0" timestamp="2025-12-28T13:21:14 IST" skipped="0">
  <testcase classname="tests.GetPostsDataProviderTest" name="shouldFetchPostsForMultipleUsers" time="0.455"/>
  <testcase classname="tests.GetPostsDataProviderTest" name="shouldFetchPostsForMultipleUsers" time="0.476"/>
  <testcase classname="tests.GetPostsDataProviderTest" name="shouldFetchPostsForMultipleUsers" time="1.382"/>
</testsuite> <!-- tests.GetPostsDataProviderTest -->
